"2021-12-02 03:11:22 INFO addition_2_values.csv 0 addition -13.0"
"2021-12-02 03:11:22 INFO addition_2_values.csv 1 addition -17.0"
"2021-12-02 03:11:22 INFO addition_2_values.csv 2 addition 12.0"
"2021-12-02 03:11:22 INFO addition_2_values.csv 3 addition 7.0"
"2021-12-02 03:11:22 INFO addition_2_values.csv 4 addition -17.0"
"2021-12-02 03:11:22 INFO addition_2_values.csv 5 addition -9.0"
"2021-12-02 03:11:22 INFO addition_2_values.csv 6 addition 8.0"
"2021-12-02 03:11:22 INFO addition_2_values.csv 7 addition -10.0"
"2021-12-02 03:11:22 INFO addition_2_values.csv 8 addition -7.0"
"2021-12-02 03:11:22 INFO addition_2_values.csv 9 addition -20.0"
"2021-12-02 03:11:22 INFO addition_2_values.csv 10 addition -3.0"
"2021-12-02 03:11:22 INFO addition_2_values.csv 11 addition -2.0"
"2021-12-02 03:11:22 INFO addition_2_values.csv 12 addition -12.0"
"2021-12-02 03:11:22 INFO addition_2_values.csv 13 addition 1.0"
"2021-12-02 03:11:22 INFO addition_3_values.csv 0 addition -10.0"
"2021-12-02 03:11:22 INFO addition_3_values.csv 1 addition 3.0"
"2021-12-02 03:11:22 INFO addition_3_values.csv 2 addition -6.0"
"2021-12-02 03:11:22 INFO addition_3_values.csv 3 addition 1.0"
"2021-12-02 03:11:22 INFO addition_3_values.csv 4 addition 3.0"
"2021-12-02 03:11:22 INFO addition_3_values.csv 5 addition 12.0"
"2021-12-02 03:11:22 INFO addition_3_values.csv 6 addition 23.0"
"2021-12-02 03:11:22 INFO addition_3_values.csv 7 addition 14.0"
"2021-12-02 03:11:22 INFO addition_3_values.csv 8 addition 8.0"
"2021-12-02 03:11:22 INFO addition_3_values.csv 9 addition -4.0"
"2021-12-02 03:11:22 INFO addition_3_values.csv 10 addition 2.0"
"2021-12-02 03:11:22 INFO addition_3_values.csv 11 addition 20.0"
"2021-12-02 03:11:22 INFO addition_3_values.csv 12 addition 21.0"
"2021-12-02 03:11:22 INFO addition_3_values.csv 13 addition -12.0"
"2021-12-02 03:11:22 INFO division_2_values.csv 0 division -0.285714"
"2021-12-02 03:11:22 INFO division_2_values.csv 1 division -1.25"
"2021-12-02 03:11:22 INFO division_2_values.csv 2 division 5.0"
"2021-12-02 03:11:22 INFO division_2_values.csv 3 division 0.8"
"2021-12-02 03:11:22 INFO division_2_values.csv 4 division -0.428571"
"2021-12-02 03:11:22 INFO division_2_values.csv 5 division -0.5"
"2021-12-02 03:11:22 INFO division_2_values.csv 6 division -0.7"
"2021-12-02 03:11:22 INFO division_2_values.csv 7 division -0.0"
"2021-12-02 03:11:22 INFO division_2_values.csv 8 division -1.666667"
"2021-12-02 03:11:22 INFO division_2_values.csv 9 division 2.0"
"2021-12-02 03:11:22 INFO division_2_values.csv 10 division 0.3"
"2021-12-02 03:11:22 INFO division_2_values.csv 11 division -1.75"
"2021-12-02 03:11:22 INFO division_2_values.csv 12 division 0.888889"
"2021-12-02 03:11:22 INFO division_2_values.csv 13 division -0.166667"
"2021-12-02 03:11:22 INFO division_3_values.csv 0 division 0.0"
"2021-12-02 03:11:22 INFO division_3_values.csv 1 division 0.074074"
"2021-12-02 03:11:22 INFO division_3_values.csv 2 division -1.0"
"2021-12-02 03:11:22 INFO division_3_values.csv 3 division -0.111111"
"2021-12-02 03:11:22 INFO division_3_values.csv 4 division 0.125"
"2021-12-02 03:11:22 INFO division_3_values.csv 5 division -0.1"
"2021-12-02 03:11:22 INFO division_3_values.csv 6 division 1.333333"
"2021-12-02 03:11:22 INFO division_3_values.csv 7 division -0.6"
"2021-12-02 03:11:22 INFO division_3_values.csv 8 division -0.088889"
"2021-12-02 03:11:22 INFO division_3_values.csv 9 division -0.5"
"2021-12-02 03:11:22 INFO division_3_values.csv 10 division -0.104167"
"2021-12-02 03:11:22 INFO division_3_values.csv 11 division -0.5"
"2021-12-02 03:11:22 INFO division_3_values.csv 12 division 0.277778"
"2021-12-02 03:11:22 INFO division_3_values.csv 13 division -0.25"
"2021-12-02 03:11:22 ERROR division_by_zero_2_values.csv 0"
"2021-12-02 03:11:22 ERROR division_by_zero_2_values.csv 1"
"2021-12-02 03:11:22 ERROR division_by_zero_2_values.csv 2"
"2021-12-02 03:11:22 ERROR division_by_zero_2_values.csv 3"
"2021-12-02 03:11:22 ERROR division_by_zero_2_values.csv 4"
"2021-12-02 03:11:22 ERROR division_by_zero_2_values.csv 5"
"2021-12-02 03:11:22 ERROR division_by_zero_2_values.csv 6"
"2021-12-02 03:11:22 ERROR division_by_zero_2_values.csv 7"
"2021-12-02 03:11:22 ERROR division_by_zero_2_values.csv 8"
"2021-12-02 03:11:22 ERROR division_by_zero_2_values.csv 9"
"2021-12-02 03:11:22 ERROR division_by_zero_2_values.csv 10"
"2021-12-02 03:11:22 ERROR division_by_zero_2_values.csv 11"
"2021-12-02 03:11:22 ERROR division_by_zero_2_values.csv 12"
"2021-12-02 03:11:22 ERROR division_by_zero_2_values.csv 13"
"2021-12-02 03:11:22 ERROR division_by_zero_3_values.csv 0"
"2021-12-02 03:11:22 ERROR division_by_zero_3_values.csv 1"
"2021-12-02 03:11:22 ERROR division_by_zero_3_values.csv 2"
"2021-12-02 03:11:22 ERROR division_by_zero_3_values.csv 3"
"2021-12-02 03:11:22 ERROR division_by_zero_3_values.csv 4"
"2021-12-02 03:11:22 ERROR division_by_zero_3_values.csv 5"
"2021-12-02 03:11:22 ERROR division_by_zero_3_values.csv 6"
"2021-12-02 03:11:22 ERROR division_by_zero_3_values.csv 7"
"2021-12-02 03:11:22 ERROR division_by_zero_3_values.csv 8"
"2021-12-02 03:11:22 ERROR division_by_zero_3_values.csv 9"
"2021-12-02 03:11:22 ERROR division_by_zero_3_values.csv 10"
"2021-12-02 03:11:22 ERROR division_by_zero_3_values.csv 11"
"2021-12-02 03:11:22 ERROR division_by_zero_3_values.csv 12"
"2021-12-02 03:11:22 ERROR division_by_zero_3_values.csv 13"
"2021-12-02 03:11:22 ERROR division_by_zero_3_values.csv 14"
"2021-12-02 03:11:22 ERROR division_by_zero_3_values.csv 15"
"2021-12-02 03:11:22 ERROR division_by_zero_3_values.csv 16"
"2021-12-02 03:11:22 ERROR division_by_zero_3_values.csv 17"
"2021-12-02 03:11:22 ERROR division_by_zero_3_values.csv 18"
"2021-12-02 03:11:22 ERROR division_by_zero_3_values.csv 19"
"2021-12-02 03:11:22 ERROR division_by_zero_3_values.csv 20"
"2021-12-02 03:11:22 INFO multiplication_2_values.csv 0 multiplication 60.0"
"2021-12-02 03:11:22 INFO multiplication_2_values.csv 1 multiplication -45.0"
"2021-12-02 03:11:22 INFO multiplication_2_values.csv 2 multiplication -16.0"
"2021-12-02 03:11:22 INFO multiplication_2_values.csv 3 multiplication -1.0"
"2021-12-02 03:11:22 INFO multiplication_2_values.csv 4 multiplication -14.0"
"2021-12-02 03:11:22 INFO multiplication_2_values.csv 5 multiplication 9.0"
"2021-12-02 03:11:22 INFO multiplication_2_values.csv 6 multiplication 7.0"
"2021-12-02 03:11:22 INFO multiplication_2_values.csv 7 multiplication -42.0"
"2021-12-02 03:11:22 INFO multiplication_2_values.csv 8 multiplication 35.0"
"2021-12-02 03:11:22 INFO multiplication_2_values.csv 9 multiplication 27.0"
"2021-12-02 03:11:22 INFO multiplication_2_values.csv 10 multiplication 25.0"
"2021-12-02 03:11:22 INFO multiplication_2_values.csv 11 multiplication -0.0"
"2021-12-02 03:11:22 INFO multiplication_2_values.csv 12 multiplication 6.0"
"2021-12-02 03:11:22 INFO multiplication_2_values.csv 13 multiplication -24.0"
"2021-12-02 03:11:22 INFO multiplication_3_values.csv 0 multiplication 560.0"
"2021-12-02 03:11:22 INFO multiplication_3_values.csv 1 multiplication -35.0"
"2021-12-02 03:11:22 INFO multiplication_3_values.csv 2 multiplication -0.0"
"2021-12-02 03:11:22 INFO multiplication_3_values.csv 3 multiplication 160.0"
"2021-12-02 03:11:22 INFO multiplication_3_values.csv 4 multiplication -135.0"
"2021-12-02 03:11:22 INFO multiplication_3_values.csv 5 multiplication 35.0"
"2021-12-02 03:11:22 INFO multiplication_3_values.csv 6 multiplication 63.0"
"2021-12-02 03:11:22 INFO multiplication_3_values.csv 7 multiplication 200.0"
"2021-12-02 03:11:22 INFO multiplication_3_values.csv 8 multiplication 630.0"
"2021-12-02 03:11:22 INFO multiplication_3_values.csv 9 multiplication 192.0"
"2021-12-02 03:11:22 INFO multiplication_3_values.csv 10 multiplication 4.0"
"2021-12-02 03:11:22 INFO multiplication_3_values.csv 11 multiplication -180.0"
"2021-12-02 03:11:22 INFO multiplication_3_values.csv 12 multiplication 0.0"
"2021-12-02 03:11:22 INFO multiplication_3_values.csv 13 multiplication -128.0"
"2021-12-02 03:11:22 INFO subtraction_2_values.csv 0 subtraction -6.0"
"2021-12-02 03:11:22 INFO subtraction_2_values.csv 1 subtraction -4.0"
"2021-12-02 03:11:22 INFO subtraction_2_values.csv 2 subtraction -4.0"
"2021-12-02 03:11:22 INFO subtraction_2_values.csv 3 subtraction 0.0"
"2021-12-02 03:11:22 INFO subtraction_2_values.csv 4 subtraction 1.0"
"2021-12-02 03:11:22 INFO subtraction_2_values.csv 5 subtraction -5.0"
"2021-12-02 03:11:22 INFO subtraction_2_values.csv 6 subtraction -4.0"
"2021-12-02 03:11:22 INFO subtraction_2_values.csv 7 subtraction 0.0"
"2021-12-02 03:11:22 INFO subtraction_2_values.csv 8 subtraction -3.0"
"2021-12-02 03:11:22 INFO subtraction_2_values.csv 9 subtraction -3.0"
"2021-12-02 03:11:22 INFO subtraction_2_values.csv 10 subtraction -18.0"
"2021-12-02 03:11:22 INFO subtraction_2_values.csv 11 subtraction -4.0"
"2021-12-02 03:11:22 INFO subtraction_2_values.csv 12 subtraction 1.0"
"2021-12-02 03:11:22 INFO subtraction_2_values.csv 13 subtraction 3.0"
"2021-12-02 03:11:22 INFO subtraction_3_values.csv 0 subtraction -4.0"
"2021-12-02 03:11:22 INFO subtraction_3_values.csv 1 subtraction -6.0"
"2021-12-02 03:11:22 INFO subtraction_3_values.csv 2 subtraction 1.0"
"2021-12-02 03:11:22 INFO subtraction_3_values.csv 3 subtraction -10.0"
"2021-12-02 03:11:22 INFO subtraction_3_values.csv 4 subtraction 18.0"
"2021-12-02 03:11:22 INFO subtraction_3_values.csv 5 subtraction -6.0"
"2021-12-02 03:11:22 INFO subtraction_3_values.csv 6 subtraction 4.0"
"2021-12-02 03:11:22 INFO subtraction_3_values.csv 7 subtraction 5.0"
"2021-12-02 03:11:22 INFO subtraction_3_values.csv 8 subtraction 12.0"
"2021-12-02 03:11:22 INFO subtraction_3_values.csv 9 subtraction -8.0"
"2021-12-02 03:11:22 INFO subtraction_3_values.csv 10 subtraction -5.0"
"2021-12-02 03:11:22 INFO subtraction_3_values.csv 11 subtraction 11.0"
"2021-12-02 03:11:22 INFO subtraction_3_values.csv 12 subtraction 13.0"
"2021-12-02 03:11:22 INFO subtraction_3_values.csv 13 subtraction 7.0"
